<?xml version="1.0" encoding="UTF-8"?>
<testsuite name="wordPuzzleTest" tests="6" skipped="0" failures="0" errors="0" timestamp="2016-04-29T04:35:26" hostname="users-MacBook-Pro.local" time="0.001">
  <properties/>
  <testcase name="makeWordPuzzle_willReturnB_StringB" classname="wordPuzzleTest" time="0.0"/>
  <testcase name="makeWordPuzzle_willReturnLowerCaseM_StringM" classname="wordPuzzleTest" time="0.0"/>
  <testcase name="makeWordPuzzle_willReturnB_StringSpace_StringSpace" classname="wordPuzzleTest" time="0.0"/>
  <testcase name="makeWordPuzzle_WillReturnDash_StringA" classname="wordPuzzleTest" time="0.0"/>
  <testcase name="makeWordPuzzle_WillReturnDash_StringI" classname="wordPuzzleTest" time="0.0"/>
  <testcase name="makeWordPuzzle_willReturnPuzzledWord_StringPuzzle" classname="wordPuzzleTest" time="0.0"/>
  <system-out><![CDATA[]]></system-out>
  <system-err><![CDATA[]]></system-err>
</testsuite>
